<?xml version="1.0" encoding="UTF-8"?>
<TestRun id="2c4f3666-456d-4fa1-ba44-72b0703b351a" name="Paolo.Possanzini@ARCHERSSD 2012-05-11 18:43:30" runUser="TEAMDEV\Paolo.Possanzini" xmlns="http://microsoft.com/schemas/VisualStudio/TeamTest/2010">
  <TestSettings name="Local" id="bb20c32e-9085-4f02-9c24-045208f34b57">
    <Description>These are default test settings for a local test run.</Description>
    <Deployment enabled="false" runDeploymentRoot="Paolo.Possanzini_ARCHERSSD 2012-05-11 18_43_30">
      <DeploymentItem filename="D:\Work\github\densodb\DeNSo.Meta\bin\Debug\DeNSo.Meta.dll" />
      <DeploymentItem filename="D:\Work\github\densodb\DeNSo.Core\bin\Debug\DeNSo.Core.dll" />
    </Deployment>
    <Execution>
      <TestTypeSpecific />
      <AgentRule name="Execution Agents">
      </AgentRule>
    </Execution>
  </TestSettings>
  <Times creation="2012-05-11T18:43:30.9011611+02:00" queuing="2012-05-11T18:43:32.6473357+02:00" start="2012-05-11T18:43:32.7903500+02:00" finish="2012-05-11T18:43:49.1209829+02:00" />
  <ResultSummary outcome="Failed">
    <Counters total="5" executed="5" passed="4" error="0" failed="1" timeout="0" aborted="0" inconclusive="0" passedButRunAborted="0" notRunnable="0" notExecuted="0" disconnected="0" warning="0" completed="0" inProgress="0" pending="0" />
  </ResultSummary>
  <TestDefinitions>
    <UnitTest name="SimpleEntityToBSonSerialized" storage="d:\work\github\densodb\denso.meta.tests\bin\debug\denso.meta.tests.dll" id="184a6d53-f5a1-dff0-6af2-cd4403f8f9a0">
      <Execution id="bb543613-95bd-4f7a-95ec-9fd1b9652d23" />
      <TestMethod codeBase="D:/Work/github/densodb/DeNSo.Meta.Tests/bin/Debug/DeNSo.Meta.Tests.DLL" adapterTypeName="Microsoft.VisualStudio.TestTools.TestTypes.Unit.UnitTestAdapter, Microsoft.VisualStudio.QualityTools.Tips.UnitTest.Adapter, Version=10.0.0.0, Culture=neutral, PublicKeyToken=b03f5f7f11d50a3a" className="DeNSo.Meta.Tests.BSonSerializerTests, DeNSo.Meta.Tests, Version=1.0.0.0, Culture=neutral, PublicKeyToken=null" name="SimpleEntityToBSonSerialized" />
    </UnitTest>
    <UnitTest name="SimpleEntityGenericArrayToBSonSerialized" storage="d:\work\github\densodb\denso.meta.tests\bin\debug\denso.meta.tests.dll" id="908427f2-4db0-ee70-1fe0-09910e755765">
      <Execution id="eb53b05e-0f37-4bea-85f9-8bc7083a8447" />
      <TestMethod codeBase="D:/Work/github/densodb/DeNSo.Meta.Tests/bin/Debug/DeNSo.Meta.Tests.DLL" adapterTypeName="Microsoft.VisualStudio.TestTools.TestTypes.Unit.UnitTestAdapter, Microsoft.VisualStudio.QualityTools.Tips.UnitTest.Adapter, Version=10.0.0.0, Culture=neutral, PublicKeyToken=b03f5f7f11d50a3a" className="DeNSo.Meta.Tests.BSonSerializerTests, DeNSo.Meta.Tests, Version=1.0.0.0, Culture=neutral, PublicKeyToken=null" name="SimpleEntityGenericArrayToBSonSerialized" />
    </UnitTest>
    <UnitTest name="SimpleEntityOjectArrayToBSonSerialized" storage="d:\work\github\densodb\denso.meta.tests\bin\debug\denso.meta.tests.dll" id="70bbb48c-86fe-774a-0f9c-59d3ecacc07d">
      <Execution id="4fd9a5d4-bdb6-4359-b028-a0903ceefbd0" />
      <TestMethod codeBase="D:/Work/github/densodb/DeNSo.Meta.Tests/bin/Debug/DeNSo.Meta.Tests.DLL" adapterTypeName="Microsoft.VisualStudio.TestTools.TestTypes.Unit.UnitTestAdapter, Microsoft.VisualStudio.QualityTools.Tips.UnitTest.Adapter, Version=10.0.0.0, Culture=neutral, PublicKeyToken=b03f5f7f11d50a3a" className="DeNSo.Meta.Tests.BSonSerializerTests, DeNSo.Meta.Tests, Version=1.0.0.0, Culture=neutral, PublicKeyToken=null" name="SimpleEntityOjectArrayToBSonSerialized" />
    </UnitTest>
    <UnitTest name="SimpleEntityToBSon" storage="d:\work\github\densodb\denso.meta.tests\bin\debug\denso.meta.tests.dll" id="0cc82533-541d-177b-a52d-7f6912fb7e32">
      <Execution id="6a457055-0108-43e1-9b00-ac4eb877fa96" />
      <TestMethod codeBase="D:/Work/github/densodb/DeNSo.Meta.Tests/bin/Debug/DeNSo.Meta.Tests.DLL" adapterTypeName="Microsoft.VisualStudio.TestTools.TestTypes.Unit.UnitTestAdapter, Microsoft.VisualStudio.QualityTools.Tips.UnitTest.Adapter, Version=10.0.0.0, Culture=neutral, PublicKeyToken=b03f5f7f11d50a3a" className="DeNSo.Meta.Tests.BSonSerializerTests, DeNSo.Meta.Tests, Version=1.0.0.0, Culture=neutral, PublicKeyToken=null" name="SimpleEntityToBSon" />
    </UnitTest>
    <UnitTest name="SetSingleItemTest" storage="d:\work\github\densodb\denso.setget.tests\bin\debug\denso.setget.tests.dll" id="95e3f55f-53e2-0884-d5e5-f9bf8c02ec15">
      <Execution id="bc58b2cd-2ca9-4db4-802c-78bb2aa7751b" />
      <TestMethod codeBase="D:/Work/github/densodb/DeNSo.SetGet.Tests/bin/Debug/DeNSo.SetGet.Tests.DLL" adapterTypeName="Microsoft.VisualStudio.TestTools.TestTypes.Unit.UnitTestAdapter, Microsoft.VisualStudio.QualityTools.Tips.UnitTest.Adapter, Version=10.0.0.0, Culture=neutral, PublicKeyToken=b03f5f7f11d50a3a" className="DeNSo.SetGet.Tests.InProcessSetGetTests, DeNSo.SetGet.Tests, Version=1.0.0.0, Culture=neutral, PublicKeyToken=null" name="SetSingleItemTest" />
    </UnitTest>
  </TestDefinitions>
  <TestLists>
    <TestList name="Results Not in a List" id="8c84fa94-04c1-424b-9868-57a2d4851a1d" />
    <TestList name="All Loaded Results" id="19431567-8539-422a-85d7-44ee4e166bda" />
  </TestLists>
  <TestEntries>
    <TestEntry testId="0cc82533-541d-177b-a52d-7f6912fb7e32" executionId="6a457055-0108-43e1-9b00-ac4eb877fa96" testListId="8c84fa94-04c1-424b-9868-57a2d4851a1d" />
    <TestEntry testId="184a6d53-f5a1-dff0-6af2-cd4403f8f9a0" executionId="bb543613-95bd-4f7a-95ec-9fd1b9652d23" testListId="8c84fa94-04c1-424b-9868-57a2d4851a1d" />
    <TestEntry testId="70bbb48c-86fe-774a-0f9c-59d3ecacc07d" executionId="4fd9a5d4-bdb6-4359-b028-a0903ceefbd0" testListId="8c84fa94-04c1-424b-9868-57a2d4851a1d" />
    <TestEntry testId="908427f2-4db0-ee70-1fe0-09910e755765" executionId="eb53b05e-0f37-4bea-85f9-8bc7083a8447" testListId="8c84fa94-04c1-424b-9868-57a2d4851a1d" />
    <TestEntry testId="95e3f55f-53e2-0884-d5e5-f9bf8c02ec15" executionId="bc58b2cd-2ca9-4db4-802c-78bb2aa7751b" testListId="8c84fa94-04c1-424b-9868-57a2d4851a1d" />
  </TestEntries>
  <Results>
    <UnitTestResult executionId="6a457055-0108-43e1-9b00-ac4eb877fa96" testId="0cc82533-541d-177b-a52d-7f6912fb7e32" testName="SimpleEntityToBSon" computerName="ARCHERSSD" duration="00:00:00.0344132" startTime="2012-05-11T18:43:32.9153625+02:00" endTime="2012-05-11T18:43:34.0744784+02:00" testType="13cdc9d9-ddb5-4fa4-a97d-d965ccfc6d4b" outcome="Passed" testListId="8c84fa94-04c1-424b-9868-57a2d4851a1d" relativeResultsDirectory="6a457055-0108-43e1-9b00-ac4eb877fa96">
    </UnitTestResult>
    <UnitTestResult executionId="bb543613-95bd-4f7a-95ec-9fd1b9652d23" testId="184a6d53-f5a1-dff0-6af2-cd4403f8f9a0" testName="SimpleEntityToBSonSerialized" computerName="ARCHERSSD" duration="00:00:00.0038995" startTime="2012-05-11T18:43:34.0834793+02:00" endTime="2012-05-11T18:43:34.0924802+02:00" testType="13cdc9d9-ddb5-4fa4-a97d-d965ccfc6d4b" outcome="Passed" testListId="8c84fa94-04c1-424b-9868-57a2d4851a1d" relativeResultsDirectory="bb543613-95bd-4f7a-95ec-9fd1b9652d23">
    </UnitTestResult>
    <UnitTestResult executionId="4fd9a5d4-bdb6-4359-b028-a0903ceefbd0" testId="70bbb48c-86fe-774a-0f9c-59d3ecacc07d" testName="SimpleEntityOjectArrayToBSonSerialized" computerName="ARCHERSSD" duration="00:00:00.0006282" startTime="2012-05-11T18:43:34.0994809+02:00" endTime="2012-05-11T18:43:34.1034813+02:00" testType="13cdc9d9-ddb5-4fa4-a97d-d965ccfc6d4b" outcome="Passed" testListId="8c84fa94-04c1-424b-9868-57a2d4851a1d" relativeResultsDirectory="4fd9a5d4-bdb6-4359-b028-a0903ceefbd0">
    </UnitTestResult>
    <UnitTestResult executionId="eb53b05e-0f37-4bea-85f9-8bc7083a8447" testId="908427f2-4db0-ee70-1fe0-09910e755765" testName="SimpleEntityGenericArrayToBSonSerialized" computerName="ARCHERSSD" duration="00:00:00.0011586" startTime="2012-05-11T18:43:34.1114821+02:00" endTime="2012-05-11T18:43:34.1174827+02:00" testType="13cdc9d9-ddb5-4fa4-a97d-d965ccfc6d4b" outcome="Passed" testListId="8c84fa94-04c1-424b-9868-57a2d4851a1d" relativeResultsDirectory="eb53b05e-0f37-4bea-85f9-8bc7083a8447">
    </UnitTestResult>
    <UnitTestResult executionId="bc58b2cd-2ca9-4db4-802c-78bb2aa7751b" testId="95e3f55f-53e2-0884-d5e5-f9bf8c02ec15" testName="SetSingleItemTest" computerName="ARCHERSSD" duration="00:00:13.9681306" startTime="2012-05-11T18:43:34.1244834+02:00" endTime="2012-05-11T18:43:48.9959704+02:00" testType="13cdc9d9-ddb5-4fa4-a97d-d965ccfc6d4b" outcome="Failed" testListId="8c84fa94-04c1-424b-9868-57a2d4851a1d" relativeResultsDirectory="bc58b2cd-2ca9-4db4-802c-78bb2aa7751b">
      <Output>
        <ErrorInfo>
          <Message>Assert.AreEqual failed. Expected:&lt;1&gt;. Actual:&lt;0&gt;. </Message>
          <StackTrace>   at DeNSo.SetGet.Tests.InProcessSetGetTests.SetSingleItemTest() in D:\Work\github\densodb\DeNSo.SetGet.Tests\InProcessSetGetTests.cs:line 39
</StackTrace>
        </ErrorInfo>
      </Output>
    </UnitTestResult>
  </Results>
</TestRun>